开始处理日志: template_new_restored_replaced.txt
从 token.txt 加载了 2045 个子标记
  复合子标记 #0: '2015-07-<>' (1 个占位符)
  复合子标记 #1: '2015-08-<>' (1 个占位符)
  复合子标记 #2: '17:<>:<>,<>' (3 个占位符)
  复合子标记 #3: '19:<>:<>,<>' (3 个占位符)
  复合子标记 #4: '<>:<>:<>,<>' (4 个占位符)
  复合子标记 #5: '[SessionTracker:<>@<>]' (2 个占位符)
  复合子标记 #6: '[main:<>@<>]' (2 个占位符)
  复合子标记 #7: '0.0.0.0/0.0.0.0:<>' (1 个占位符)
  复合子标记 #10: '[QuorumPeer[myid=1]/0:0:0:0:0:0:0:0:2181:<>@<>]' (2 个占位符)
  复合子标记 #11: '[QuorumPeer[myid=2]/0:0:0:0:0:0:0:0:2181:<>@<>]' (2 个占位符)
  复合子标记 #12: '[QuorumPeer[myid=3]/0:0:0:0:0:0:0:0:2181:<>@<>]' (2 个占位符)
  复合子标记 #13: '<>,' (1 个占位符)
  复合子标记 #14: '<>=<>' (2 个占位符)
  复合子标记 #15: '[WorkerReceiver[myid=<>]:FastLeaderElection@542]' (1 个占位符)
  复合子标记 #16: '[WorkerSender[myid=<>]:QuorumCnxManager@<>]' (2 个占位符)
  复合子标记 #17: '/10.10.34.<>:<>' (2 个占位符)
  复合子标记 #18: '[/10.10.34.<>:3888:QuorumCnxManager$Listener@493]' (1 个占位符)
  复合子标记 #19: '<>:<>' (2 个占位符)
  复合子标记 #21: 'environment:host.name=<>' (1 个占位符)
  复合子标记 #22: '/var/lib/zookeeper/version-2/snapshot.<>' (1 个占位符)
  复合子标记 #23: '[<>:<>:QuorumCnxManager$<>@<>]' (4 个占位符)
  复合子标记 #24: '[CommitProcessor:<>:<>@<>]' (3 个占位符)
  复合子标记 #25: '[SyncThread:<>:<>@<>]' (3 个占位符)
  复合子标记 #26: '[FollowerRequestProcessor:<>:FollowerRequestProcessor@95]' (1 个占位符)
  复合子标记 #27: 'log.<>' (1 个占位符)
  复合子标记 #28: '[NIOServerCxn.Factory:0.0.0.0/0.0.0.0:2181:NIOServerCnxn@<>]' (1 个占位符)
  复合子标记 #29: '[NIOServerCxn.Factory:0.0.0.0/0.0.0.0:2181:ZooKeeperServer@<>]' (1 个占位符)
  复合子标记 #30: '[NIOServerCxn.Factory:0.0.0.0/0.0.0.0:2181:<>@<>]' (2 个占位符)
  复合子标记 #31: '/10.10.34.<>:<>;' (2 个占位符)
  复合子标记 #32: '(<>,' (1 个占位符)
  复合子标记 #33: '<>)' (1 个占位符)
  复合子标记 #34: 'environment:host.name=mesos-master-<>' (1 个占位符)
  复合子标记 #35: '[LearnerHandler-/10.10.34.<>:<>:LearnerHandler@<>]' (3 个占位符)
  复合子标记 #36: '[LearnerHandler-/10.10.34.<>:<>:Leader@<>]' (3 个占位符)
  复合子标记 #37: 'org.apache.zookeeper.server.quorum.QuorumPeer$QuorumServer@<>' (1 个占位符)
  复合子标记 #38: '[ProcessThread(sid:<>' (1 个占位符)
  复合子标记 #39: 'cport:-1)::PrepRequestProcessor@<>]' (1 个占位符)
  复合子标记 #40: '[QuorumPeer[myid=<>]/0:0:0:0:0:0:0:0:2181:Leader$ToBeAppliedRequestProcessor@655]' (1 个占位符)
找到 38 个bin文件
  处理传统文件: _19_-1_-1.bin, 位置数: 2, 实例数: 93
  为ID 19 加载了 93 个实例，长度规格: [-1, -1]
  文件类型: 传统格式
  处理传统文件: _29_3.bin, 位置数: 1, 实例数: 3738
  为ID 29 加载了 3738 个实例，长度规格: [3]
  文件类型: 传统格式
  处理传统文件: _26_1.bin, 位置数: 1, 实例数: 11
  为ID 26 加载了 11 个实例，长度规格: [1]
  文件类型: 传统格式
  解码Delta序列: 45 个值...
  处理Delta优化文件: _36_delta_2_5_3.bin, 实例数: 45
  为ID 36 加载了 45 个实例，长度规格: [2, 5, 3]
  文件类型: Delta优化
  处理传统文件: _16_1_3.bin, 位置数: 2, 实例数: 121
  为ID 16 加载了 121 个实例，长度规格: [1, 3]
  文件类型: 传统格式
  解码Delta序列: 1288 个值...
  处理Delta优化文件: _35_delta_2_5_3.bin, 实例数: 1288
  为ID 35 加载了 1288 个实例，长度规格: [2, 5, 3]
  文件类型: Delta优化
  处理传统文件: _1_2.bin, 位置数: 1, 实例数: 8608
  为ID 1 加载了 8608 个实例，长度规格: [2]
  文件类型: 传统格式
  处理传统文件: _30_-1_3.bin, 位置数: 2, 实例数: 2075
  为ID 30 加载了 2075 个实例，长度规格: [-1, 3]
  文件类型: 传统格式
  处理传统文件: _10_-1_-1.bin, 位置数: 2, 实例数: 4201
  为ID 10 加载了 4201 个实例，长度规格: [-1, -1]
  文件类型: 传统格式
  处理传统文件: _17_2_-1.bin, 位置数: 2, 实例数: 21271
  为ID 17 加载了 21271 个实例，长度规格: [2, -1]
  文件类型: 传统格式
  处理传统文件: _12_-1_-1.bin, 位置数: 2, 实例数: 408
  为ID 12 加载了 408 个实例，长度规格: [-1, -1]
  文件类型: 传统格式
  处理传统文件: _32_1.bin, 位置数: 1, 实例数: 20
  为ID 32 加载了 20 个实例，长度规格: [1]
  文件类型: 传统格式
  处理传统文件: _5_-1_3.bin, 位置数: 2, 实例数: 1764
  为ID 5 加载了 1764 个实例，长度规格: [-1, 3]
  文件类型: 传统格式
  处理传统文件: _37_-1.bin, 位置数: 1, 实例数: 34
  为ID 37 加载了 34 个实例，长度规格: [-1]
  文件类型: 传统格式
  处理传统文件: _24_1_-1_-1.bin, 位置数: 3, 实例数: 1858
  为ID 24 加载了 1858 个实例，长度规格: [1, -1, -1]
  文件类型: 传统格式
  处理传统文件: _15_1.bin, 位置数: 1, 实例数: 505
  为ID 15 加载了 505 个实例，长度规格: [1]
  文件类型: 传统格式
  处理传统文件: _11_-1_-1.bin, 位置数: 2, 实例数: 381
  为ID 11 加载了 381 个实例，长度规格: [-1, -1]
  文件类型: 传统格式
  解码Delta序列: 3195 个值...
  处理Delta优化文件: _2_delta_2_2_3.bin, 实例数: 3195
  为ID 2 加载了 3195 个实例，长度规格: [2, 2, 3]
  文件类型: Delta优化
  处理传统文件: _14_-1_-1.bin, 位置数: 2, 实例数: 151
  为ID 14 加载了 151 个实例，长度规格: [-1, -1]
  文件类型: 传统格式
  处理传统文件: _13_-1.bin, 位置数: 1, 实例数: 22587
  为ID 13 加载了 22587 个实例，长度规格: [-1]
  文件类型: 传统格式
  处理传统文件: _40_1.bin, 位置数: 1, 实例数: 2
  为ID 40 加载了 2 个实例，长度规格: [1]
  文件类型: 传统格式
  处理传统文件: _34_1.bin, 位置数: 1, 实例数: 33
  为ID 34 加载了 33 个实例，长度规格: [1]
  文件类型: 传统格式
  处理传统文件: _21_5.bin, 位置数: 1, 实例数: 3
  为ID 21 加载了 3 个实例，长度规格: [5]
  文件类型: 传统格式
  处理传统文件: _18_2.bin, 位置数: 1, 实例数: 10429
  为ID 18 加载了 10429 个实例，长度规格: [2]
  文件类型: 传统格式
  处理传统文件: _27_9.bin, 位置数: 1, 实例数: 25
  为ID 27 加载了 25 个实例，长度规格: [9]
  文件类型: 传统格式
  处理传统文件: _7_4.bin, 位置数: 1, 实例数: 72
  为ID 7 加载了 72 个实例，长度规格: [4]
  文件类型: 传统格式
  处理传统文件: _28_-1.bin, 位置数: 1, 实例数: 3674
  为ID 28 加载了 3674 个实例，长度规格: [-1]
  文件类型: 传统格式
  处理传统文件: _6_-1_-1.bin, 位置数: 2, 实例数: 435
  为ID 6 加载了 435 个实例，长度规格: [-1, -1]
  文件类型: 传统格式
  处理传统文件: _38_1.bin, 位置数: 1, 实例数: 1811
  为ID 38 加载了 1811 个实例，长度规格: [1]
  文件类型: 传统格式
  处理传统文件: _39_3.bin, 位置数: 1, 实例数: 1811
  为ID 39 加载了 1811 个实例，长度规格: [3]
  文件类型: 传统格式
  处理传统文件: _33_1.bin, 位置数: 1, 实例数: 20
  为ID 33 加载了 20 个实例，长度规格: [1]
  文件类型: 传统格式
  解码Delta序列: 55085 个值...
  处理Delta优化文件: _3_delta_2_2_3.bin, 实例数: 55085
  为ID 3 加载了 55085 个实例，长度规格: [2, 2, 3]
  文件类型: Delta优化
  处理传统文件: _25_1_-1_3.bin, 位置数: 3, 实例数: 38
  为ID 25 加载了 38 个实例，长度规格: [1, -1, 3]
  文件类型: 传统格式
  处理传统文件: _31_2_5.bin, 位置数: 2, 实例数: 1861
  为ID 31 加载了 1861 个实例，长度规格: [2, 5]
  文件类型: 传统格式
  处理传统文件: _0_2.bin, 位置数: 1, 实例数: 65772
  为ID 0 加载了 65772 个实例，长度规格: [2]
  文件类型: 传统格式
  处理传统文件: _23_10_-1_10_3.bin, 位置数: 4, 实例数: 41558
  为ID 23 加载了 41558 个实例，长度规格: [10, -1, 10, 3]
  文件类型: 传统格式
  解码Delta序列: 16100 个值...
  处理Delta优化文件: _4_delta_2_2_2_3.bin, 实例数: 16100
  为ID 4 加载了 16100 个实例，长度规格: [2, 2, 2, 3]
  文件类型: Delta优化
  处理传统文件: _22_-1.bin, 位置数: 1, 实例数: 125
  为ID 22 加载了 125 个实例，长度规格: [-1]
  文件类型: 传统格式
处理完成! 输出文件: final.out

复合子标记使用统计:
  ID 19 (<>:<>): 使用了 93/93 个实例 (传统格式)
      长度规格: [-1, -1]
  ID 29 ([NIOServerCxn.Factory:0.0.0.0/0.0.0.0:2181:ZooKeeperServer@<>]): 使用了 3738/3738 个实例 (传统格式)
      长度规格: [3]
  ID 26 ([FollowerRequestProcessor:<>:FollowerRequestProcessor@95]): 使用了 11/11 个实例 (传统格式)
      长度规格: [1]
  ID 36 ([LearnerHandler-/10.10.34.<>:<>:Leader@<>]): 使用了 45/45 个实例 (Delta优化)
      长度规格: [2, 5, 3]
  ID 16 ([WorkerSender[myid=<>]:QuorumCnxManager@<>]): 使用了 121/121 个实例 (传统格式)
      长度规格: [1, 3]
  ID 35 ([LearnerHandler-/10.10.34.<>:<>:LearnerHandler@<>]): 使用了 1288/1288 个实例 (Delta优化)
      长度规格: [2, 5, 3]
  ID 1 (2015-08-<>): 使用了 8608/8608 个实例 (传统格式)
      长度规格: [2]
  ID 30 ([NIOServerCxn.Factory:0.0.0.0/0.0.0.0:2181:<>@<>]): 使用了 2075/2075 个实例 (传统格式)
      长度规格: [-1, 3]
  ID 10 ([QuorumPeer[myid=1]/0:0:0:0:0:0:0:0:2181:<>@<>]): 使用了 4201/4201 个实例 (传统格式)
      长度规格: [-1, -1]
  ID 17 (/10.10.34.<>:<>): 使用了 21271/21271 个实例 (传统格式)
      长度规格: [2, -1]
  ID 12 ([QuorumPeer[myid=3]/0:0:0:0:0:0:0:0:2181:<>@<>]): 使用了 408/408 个实例 (传统格式)
      长度规格: [-1, -1]
  ID 32 ((<>,): 使用了 20/20 个实例 (传统格式)
      长度规格: [1]
  ID 5 ([SessionTracker:<>@<>]): 使用了 1764/1764 个实例 (传统格式)
      长度规格: [-1, 3]
  ID 37 (org.apache.zookeeper.server.quorum.QuorumPeer$QuorumServer@<>): 使用了 34/34 个实例 (传统格式)
      长度规格: [-1]
  ID 24 ([CommitProcessor:<>:<>@<>]): 使用了 1858/1858 个实例 (传统格式)
      长度规格: [1, -1, -1]
  ID 15 ([WorkerReceiver[myid=<>]:FastLeaderElection@542]): 使用了 505/505 个实例 (传统格式)
      长度规格: [1]
  ID 11 ([QuorumPeer[myid=2]/0:0:0:0:0:0:0:0:2181:<>@<>]): 使用了 381/381 个实例 (传统格式)
      长度规格: [-1, -1]
  ID 2 (17:<>:<>,<>): 使用了 3195/3195 个实例 (Delta优化)
      长度规格: [2, 2, 3]
  ID 14 (<>=<>): 使用了 151/151 个实例 (传统格式)
      长度规格: [-1, -1]
  ID 13 (<>,): 使用了 22587/22587 个实例 (传统格式)
      长度规格: [-1]
  ID 40 ([QuorumPeer[myid=<>]/0:0:0:0:0:0:0:0:2181:Leader$ToBeAppliedRequestProcessor@655]): 使用了 2/2 个实例 (传统格式)
      长度规格: [1]
  ID 34 (environment:host.name=mesos-master-<>): 使用了 33/33 个实例 (传统格式)
      长度规格: [1]
  ID 21 (environment:host.name=<>): 使用了 3/3 个实例 (传统格式)
      长度规格: [5]
  ID 18 ([/10.10.34.<>:3888:QuorumCnxManager$Listener@493]): 使用了 10429/10429 个实例 (传统格式)
      长度规格: [2]
  ID 27 (log.<>): 使用了 25/25 个实例 (传统格式)
      长度规格: [9]
  ID 7 (0.0.0.0/0.0.0.0:<>): 使用了 72/72 个实例 (传统格式)
      长度规格: [4]
  ID 28 ([NIOServerCxn.Factory:0.0.0.0/0.0.0.0:2181:NIOServerCnxn@<>]): 使用了 3674/3674 个实例 (传统格式)
      长度规格: [-1]
  ID 6 ([main:<>@<>]): 使用了 435/435 个实例 (传统格式)
      长度规格: [-1, -1]
  ID 38 ([ProcessThread(sid:<>): 使用了 1811/1811 个实例 (传统格式)
      长度规格: [1]
  ID 39 (cport:-1)::PrepRequestProcessor@<>]): 使用了 1811/1811 个实例 (传统格式)
      长度规格: [3]
  ID 33 (<>)): 使用了 20/20 个实例 (传统格式)
      长度规格: [1]
  ID 3 (19:<>:<>,<>): 使用了 55085/55085 个实例 (Delta优化)
      长度规格: [2, 2, 3]
  ID 25 ([SyncThread:<>:<>@<>]): 使用了 38/38 个实例 (传统格式)
      长度规格: [1, -1, 3]
  ID 31 (/10.10.34.<>:<>;): 使用了 1861/1861 个实例 (传统格式)
      长度规格: [2, 5]
  ID 0 (2015-07-<>): 使用了 65772/65772 个实例 (传统格式)
      长度规格: [2]
  ID 23 ([<>:<>:QuorumCnxManager$<>@<>]): 使用了 41558/41558 个实例 (传统格式)
      长度规格: [10, -1, 10, 3]
  ID 4 (<>:<>:<>,<>): 使用了 16100/16100 个实例 (Delta优化)
      长度规格: [2, 2, 2, 3]
  ID 22 (/var/lib/zookeeper/version-2/snapshot.<>): 使用了 125/125 个实例 (传统格式)
      长度规格: [-1]
